
> versotech-portal@0.1.0 dev
> next dev

   ▲ Next.js 15.5.3
   - Local:        http://localhost:3000
   - Network:      http://10.255.255.254:3000
   - Environments: .env.local

 ✓ Starting...
 ✓ Ready in 30.3s
 ○ Compiling /middleware ...
 ✓ Compiled /middleware in 1366ms (182 modules)
<w> [webpack.cache.PackFileCacheStrategy] Serializing big strings (108kiB) impacts deserialization performance (consider using Buffer instead and decode when needed)
 ○ Compiling / ...
 ⨯ ./src/app/globals.css:115:1
Syntax error: /mnt/c/Users/gmmou/OneDrive/Bureau/Verso/Versotech/versotech-portal/src/app/globals.css `@layer base` is used but no matching `@tailwind base` directive is present.

  113 | }
  114 | 
> 115 | @layer base {
      | ^
  116 |   * {
  117 |     @apply border-border outline-ring/50;
<w> [webpack.cache.PackFileCacheStrategy] Skipped not serializable cache item 'Compilation/modules|/mnt/c/Users/gmmou/OneDrive/Bureau/Verso/Versotech/versotech-portal/node_modules/next/dist/build/webpack/loaders/css-loader/src/index.js??ruleSet[1].rules[14].oneOf[10].use[2]!/mnt/c/Users/gmmou/OneDrive/Bureau/Verso/Versotech/versotech-portal/node_modules/next/dist/build/webpack/loaders/postcss-loader/src/index.js??ruleSet[1].rules[14].oneOf[10].use[3]!/mnt/c/Users/gmmou/OneDrive/Bureau/Verso/Versotech/versotech-portal/src/app/globals.css': No serializer registered for PostCSSSyntaxError
<w> while serializing webpack/lib/cache/PackFileCacheStrategy.PackContentItems -> webpack/lib/NormalModule -> webpack/lib/ModuleBuildError -> PostCSSSyntaxError
<w> [webpack.cache.PackFileCacheStrategy] Skipped not serializable cache item 'Compilation/modules|/mnt/c/Users/gmmou/OneDrive/Bureau/Verso/Versotech/versotech-portal/node_modules/next/dist/build/webpack/loaders/css-loader/src/index.js??ruleSet[1].rules[14].oneOf[10].use[2]!/mnt/c/Users/gmmou/OneDrive/Bureau/Verso/Versotech/versotech-portal/node_modules/next/dist/build/webpack/loaders/postcss-loader/src/index.js??ruleSet[1].rules[14].oneOf[10].use[3]!/mnt/c/Users/gmmou/OneDrive/Bureau/Verso/Versotech/versotech-portal/src/app/globals.css': No serializer registered for PostCSSSyntaxError
<w> while serializing webpack/lib/cache/PackFileCacheStrategy.PackContentItems -> webpack/lib/NormalModule -> webpack/lib/ModuleBuildError -> PostCSSSyntaxError
 ⨯ ./src/app/globals.css:115:1
Syntax error: /mnt/c/Users/gmmou/OneDrive/Bureau/Verso/Versotech/versotech-portal/src/app/globals.css `@layer base` is used but no matching `@tailwind base` directive is present.

  113 | }
  114 | 
> 115 | @layer base {
      | ^
  116 |   * {
  117 |     @apply border-border outline-ring/50;
 GET / 500 in 43059ms
 ✓ Compiled /favicon.ico in 1195ms (605 modules)
 GET /favicon.ico 500 in 1398ms

Could not open globals.css in the editor.
The editor process exited with an error: Terminal editors can only be used on macOS.

To set up the editor integration, add something like REACT_EDITOR=atom to the .env.local file in your project folder and restart the development server.


Could not open globals.css in the editor.
The editor process exited with an error: Terminal editors can only be used on macOS.

To set up the editor integration, add something like REACT_EDITOR=atom to the .env.local file in your project folder and restart the development server.


Could not open globals.css in the editor.
The editor process exited with an error: Terminal editors can only be used on macOS.

To set up the editor integration, add something like REACT_EDITOR=atom to the .env.local file in your project folder and restart the development server.

[TypeError: Cannot read properties of undefined (reading '/_app')]
 ⨯ [TypeError: Cannot read properties of undefined (reading '/_app')]
 ⨯ [TypeError: Cannot read properties of undefined (reading '/_app')]
[TypeError: Cannot read properties of undefined (reading '/_app')]
 ⨯ [TypeError: Cannot read properties of undefined (reading '/_app')]
[TypeError: Cannot read properties of undefined (reading '/_app')]
[TypeError: Cannot read properties of undefined (reading '/_app')]
 ⨯ [TypeError: Cannot read properties of undefined (reading '/_app')]
[TypeError: Cannot read properties of undefined (reading '/_app')]
 HEAD / 500 in 532ms
 HEAD / 500 in 77ms
 ○ Compiling /versoholdings/login ...
 ✓ Compiled /versoholdings/login in 10.8s (1185 modules)
 ⚠ Fast Refresh had to perform a full reload due to a runtime error.
 ⨯ Error: Cannot find module './vendor-chunks/@swc.js'
Require stack:
- /mnt/c/Users/gmmou/OneDrive/Bureau/Verso/Versotech/versotech-portal/.next/server/webpack-runtime.js
- /mnt/c/Users/gmmou/OneDrive/Bureau/Verso/Versotech/versotech-portal/.next/server/app/(public)/versoholdings/login/page.js
- /mnt/c/Users/gmmou/OneDrive/Bureau/Verso/Versotech/versotech-portal/node_modules/next/dist/server/require.js
- /mnt/c/Users/gmmou/OneDrive/Bureau/Verso/Versotech/versotech-portal/node_modules/next/dist/server/load-components.js
- /mnt/c/Users/gmmou/OneDrive/Bureau/Verso/Versotech/versotech-portal/node_modules/next/dist/build/utils.js
- /mnt/c/Users/gmmou/OneDrive/Bureau/Verso/Versotech/versotech-portal/node_modules/next/dist/build/swc/options.js
- /mnt/c/Users/gmmou/OneDrive/Bureau/Verso/Versotech/versotech-portal/node_modules/next/dist/build/swc/index.js
- /mnt/c/Users/gmmou/OneDrive/Bureau/Verso/Versotech/versotech-portal/node_modules/next/dist/build/next-config-ts/transpile-config.js
- /mnt/c/Users/gmmou/OneDrive/Bureau/Verso/Versotech/versotech-portal/node_modules/next/dist/server/config.js
- /mnt/c/Users/gmmou/OneDrive/Bureau/Verso/Versotech/versotech-portal/node_modules/next/dist/server/next.js
- /mnt/c/Users/gmmou/OneDrive/Bureau/Verso/Versotech/versotech-portal/node_modules/next/dist/server/lib/start-server.js
    at <unknown> (.next/server/app/(public)/versoholdings/login/page.js:434:47)
    at Object.<anonymous> (.next/server/app/(public)/versoholdings/login/page.js:437:3) {
  code: 'MODULE_NOT_FOUND',
  requireStack: [Array],
  page: '/versoholdings/login'
}
 ⨯ Error: Cannot find module './vendor-chunks/@swc.js'
Require stack:
- /mnt/c/Users/gmmou/OneDrive/Bureau/Verso/Versotech/versotech-portal/.next/server/webpack-runtime.js
- /mnt/c/Users/gmmou/OneDrive/Bureau/Verso/Versotech/versotech-portal/.next/server/app/(public)/versoholdings/login/page.js
- /mnt/c/Users/gmmou/OneDrive/Bureau/Verso/Versotech/versotech-portal/node_modules/next/dist/server/require.js
- /mnt/c/Users/gmmou/OneDrive/Bureau/Verso/Versotech/versotech-portal/node_modules/next/dist/server/load-components.js
- /mnt/c/Users/gmmou/OneDrive/Bureau/Verso/Versotech/versotech-portal/node_modules/next/dist/build/utils.js
- /mnt/c/Users/gmmou/OneDrive/Bureau/Verso/Versotech/versotech-portal/node_modules/next/dist/build/swc/options.js
- /mnt/c/Users/gmmou/OneDrive/Bureau/Verso/Versotech/versotech-portal/node_modules/next/dist/build/swc/index.js
- /mnt/c/Users/gmmou/OneDrive/Bureau/Verso/Versotech/versotech-portal/node_modules/next/dist/build/next-config-ts/transpile-config.js
- /mnt/c/Users/gmmou/OneDrive/Bureau/Verso/Versotech/versotech-portal/node_modules/next/dist/server/config.js
- /mnt/c/Users/gmmou/OneDrive/Bureau/Verso/Versotech/versotech-portal/node_modules/next/dist/server/next.js
- /mnt/c/Users/gmmou/OneDrive/Bureau/Verso/Versotech/versotech-portal/node_modules/next/dist/server/lib/start-server.js
    at <unknown> (.next/server/app/(public)/versoholdings/login/page.js:434:47)
    at Object.<anonymous> (.next/server/app/(public)/versoholdings/login/page.js:437:3) {
  code: 'MODULE_NOT_FOUND',
  requireStack: [Array],
  page: '/versoholdings/login'
}
 GET /versoholdings/login 500 in 3640ms
 ⚠ Fast Refresh had to perform a full reload due to a runtime error.
 ⚠ Fast Refresh had to perform a full reload due to a runtime error.
 ✓ Compiled in 4s (1171 modules)
 ⨯ [Error: Cannot find module '/mnt/c/Users/gmmou/OneDrive/Bureau/Verso/Versotech/versotech-portal/.next/server/pages/_document.js'
Require stack:
- /mnt/c/Users/gmmou/OneDrive/Bureau/Verso/Versotech/versotech-portal/node_modules/next/dist/server/require.js
- /mnt/c/Users/gmmou/OneDrive/Bureau/Verso/Versotech/versotech-portal/node_modules/next/dist/server/load-components.js
- /mnt/c/Users/gmmou/OneDrive/Bureau/Verso/Versotech/versotech-portal/node_modules/next/dist/build/utils.js
- /mnt/c/Users/gmmou/OneDrive/Bureau/Verso/Versotech/versotech-portal/node_modules/next/dist/build/swc/options.js
- /mnt/c/Users/gmmou/OneDrive/Bureau/Verso/Versotech/versotech-portal/node_modules/next/dist/build/swc/index.js
- /mnt/c/Users/gmmou/OneDrive/Bureau/Verso/Versotech/versotech-portal/node_modules/next/dist/build/next-config-ts/transpile-config.js
- /mnt/c/Users/gmmou/OneDrive/Bureau/Verso/Versotech/versotech-portal/node_modules/next/dist/server/config.js
- /mnt/c/Users/gmmou/OneDrive/Bureau/Verso/Versotech/versotech-portal/node_modules/next/dist/server/next.js
- /mnt/c/Users/gmmou/OneDrive/Bureau/Verso/Versotech/versotech-portal/node_modules/next/dist/server/lib/start-server.js] {
  code: 'MODULE_NOT_FOUND',
  requireStack: [Array]
}
 ⨯ [Error: Cannot find module '/mnt/c/Users/gmmou/OneDrive/Bureau/Verso/Versotech/versotech-portal/.next/server/pages/_document.js'
Require stack:
- /mnt/c/Users/gmmou/OneDrive/Bureau/Verso/Versotech/versotech-portal/node_modules/next/dist/server/require.js
- /mnt/c/Users/gmmou/OneDrive/Bureau/Verso/Versotech/versotech-portal/node_modules/next/dist/server/load-components.js
- /mnt/c/Users/gmmou/OneDrive/Bureau/Verso/Versotech/versotech-portal/node_modules/next/dist/build/utils.js
- /mnt/c/Users/gmmou/OneDrive/Bureau/Verso/Versotech/versotech-portal/node_modules/next/dist/build/swc/options.js
- /mnt/c/Users/gmmou/OneDrive/Bureau/Verso/Versotech/versotech-portal/node_modules/next/dist/build/swc/index.js
- /mnt/c/Users/gmmou/OneDrive/Bureau/Verso/Versotech/versotech-portal/node_modules/next/dist/build/next-config-ts/transpile-config.js
- /mnt/c/Users/gmmou/OneDrive/Bureau/Verso/Versotech/versotech-portal/node_modules/next/dist/server/config.js
- /mnt/c/Users/gmmou/OneDrive/Bureau/Verso/Versotech/versotech-portal/node_modules/next/dist/server/next.js
- /mnt/c/Users/gmmou/OneDrive/Bureau/Verso/Versotech/versotech-portal/node_modules/next/dist/server/lib/start-server.js] {
  code: 'MODULE_NOT_FOUND',
  requireStack: [Array]
}
[TypeError: Cannot read properties of undefined (reading '/_app')]
[TypeError: Cannot read properties of undefined (reading '/_app')]
 ⨯ [TypeError: Cannot read properties of undefined (reading '/_app')]
 ⨯ [TypeError: Cannot read properties of undefined (reading '/_app')]
Error: Cannot find module './vendor-chunks/@swc.js'
Require stack:
- /mnt/c/Users/gmmou/OneDrive/Bureau/Verso/Versotech/versotech-portal/.next/server/webpack-runtime.js
- /mnt/c/Users/gmmou/OneDrive/Bureau/Verso/Versotech/versotech-portal/.next/server/app/(public)/versoholdings/login/page.js
- /mnt/c/Users/gmmou/OneDrive/Bureau/Verso/Versotech/versotech-portal/node_modules/next/dist/server/require.js
- /mnt/c/Users/gmmou/OneDrive/Bureau/Verso/Versotech/versotech-portal/node_modules/next/dist/server/load-components.js
- /mnt/c/Users/gmmou/OneDrive/Bureau/Verso/Versotech/versotech-portal/node_modules/next/dist/build/utils.js
- /mnt/c/Users/gmmou/OneDrive/Bureau/Verso/Versotech/versotech-portal/node_modules/next/dist/build/swc/options.js
- /mnt/c/Users/gmmou/OneDrive/Bureau/Verso/Versotech/versotech-portal/node_modules/next/dist/build/swc/index.js
- /mnt/c/Users/gmmou/OneDrive/Bureau/Verso/Versotech/versotech-portal/node_modules/next/dist/build/next-config-ts/transpile-config.js
- /mnt/c/Users/gmmou/OneDrive/Bureau/Verso/Versotech/versotech-portal/node_modules/next/dist/server/config.js
- /mnt/c/Users/gmmou/OneDrive/Bureau/Verso/Versotech/versotech-portal/node_modules/next/dist/server/next.js
- /mnt/c/Users/gmmou/OneDrive/Bureau/Verso/Versotech/versotech-portal/node_modules/next/dist/server/lib/start-server.js
    at <unknown> (.next/server/app/(public)/versoholdings/login/page.js:434:47)
    at Object.<anonymous> (.next/server/app/(public)/versoholdings/login/page.js:437:3) {
  code: 'MODULE_NOT_FOUND',
  requireStack: [Array],
  page: '/versoholdings/login'
}
Error: Cannot find module './vendor-chunks/@swc.js'
Require stack:
- /mnt/c/Users/gmmou/OneDrive/Bureau/Verso/Versotech/versotech-portal/.next/server/webpack-runtime.js
- /mnt/c/Users/gmmou/OneDrive/Bureau/Verso/Versotech/versotech-portal/.next/server/app/(public)/versoholdings/login/page.js
- /mnt/c/Users/gmmou/OneDrive/Bureau/Verso/Versotech/versotech-portal/node_modules/next/dist/server/require.js
- /mnt/c/Users/gmmou/OneDrive/Bureau/Verso/Versotech/versotech-portal/node_modules/next/dist/server/load-components.js
- /mnt/c/Users/gmmou/OneDrive/Bureau/Verso/Versotech/versotech-portal/node_modules/next/dist/build/utils.js
- /mnt/c/Users/gmmou/OneDrive/Bureau/Verso/Versotech/versotech-portal/node_modules/next/dist/build/swc/options.js
- /mnt/c/Users/gmmou/OneDrive/Bureau/Verso/Versotech/versotech-portal/node_modules/next/dist/build/swc/index.js
- /mnt/c/Users/gmmou/OneDrive/Bureau/Verso/Versotech/versotech-portal/node_modules/next/dist/build/next-config-ts/transpile-config.js
- /mnt/c/Users/gmmou/OneDrive/Bureau/Verso/Versotech/versotech-portal/node_modules/next/dist/server/config.js
- /mnt/c/Users/gmmou/OneDrive/Bureau/Verso/Versotech/versotech-portal/node_modules/next/dist/server/next.js
- /mnt/c/Users/gmmou/OneDrive/Bureau/Verso/Versotech/versotech-portal/node_modules/next/dist/server/lib/start-server.js
    at <unknown> (.next/server/app/(public)/versoholdings/login/page.js:434:47)
    at Object.<anonymous> (.next/server/app/(public)/versoholdings/login/page.js:437:3) {
  code: 'MODULE_NOT_FOUND',
  requireStack: [Array],
  page: '/versoholdings/login'
}
 ⨯ [Error: Cannot find module '/mnt/c/Users/gmmou/OneDrive/Bureau/Verso/Versotech/versotech-portal/.next/server/pages/_document.js'
Require stack:
- /mnt/c/Users/gmmou/OneDrive/Bureau/Verso/Versotech/versotech-portal/node_modules/next/dist/server/require.js
- /mnt/c/Users/gmmou/OneDrive/Bureau/Verso/Versotech/versotech-portal/node_modules/next/dist/server/load-components.js
- /mnt/c/Users/gmmou/OneDrive/Bureau/Verso/Versotech/versotech-portal/node_modules/next/dist/build/utils.js
- /mnt/c/Users/gmmou/OneDrive/Bureau/Verso/Versotech/versotech-portal/node_modules/next/dist/build/swc/options.js
- /mnt/c/Users/gmmou/OneDrive/Bureau/Verso/Versotech/versotech-portal/node_modules/next/dist/build/swc/index.js
- /mnt/c/Users/gmmou/OneDrive/Bureau/Verso/Versotech/versotech-portal/node_modules/next/dist/build/next-config-ts/transpile-config.js
- /mnt/c/Users/gmmou/OneDrive/Bureau/Verso/Versotech/versotech-portal/node_modules/next/dist/server/config.js
- /mnt/c/Users/gmmou/OneDrive/Bureau/Verso/Versotech/versotech-portal/node_modules/next/dist/server/next.js
- /mnt/c/Users/gmmou/OneDrive/Bureau/Verso/Versotech/versotech-portal/node_modules/next/dist/server/lib/start-server.js] {
  code: 'MODULE_NOT_FOUND',
  requireStack: [Array]
}
 ⨯ [Error: Cannot find module '/mnt/c/Users/gmmou/OneDrive/Bureau/Verso/Versotech/versotech-portal/.next/server/pages/_document.js'
Require stack:
- /mnt/c/Users/gmmou/OneDrive/Bureau/Verso/Versotech/versotech-portal/node_modules/next/dist/server/require.js
- /mnt/c/Users/gmmou/OneDrive/Bureau/Verso/Versotech/versotech-portal/node_modules/next/dist/server/load-components.js
- /mnt/c/Users/gmmou/OneDrive/Bureau/Verso/Versotech/versotech-portal/node_modules/next/dist/build/utils.js
- /mnt/c/Users/gmmou/OneDrive/Bureau/Verso/Versotech/versotech-portal/node_modules/next/dist/build/swc/options.js
- /mnt/c/Users/gmmou/OneDrive/Bureau/Verso/Versotech/versotech-portal/node_modules/next/dist/build/swc/index.js
- /mnt/c/Users/gmmou/OneDrive/Bureau/Verso/Versotech/versotech-portal/node_modules/next/dist/build/next-config-ts/transpile-config.js
- /mnt/c/Users/gmmou/OneDrive/Bureau/Verso/Versotech/versotech-portal/node_modules/next/dist/server/config.js
- /mnt/c/Users/gmmou/OneDrive/Bureau/Verso/Versotech/versotech-portal/node_modules/next/dist/server/next.js
- /mnt/c/Users/gmmou/OneDrive/Bureau/Verso/Versotech/versotech-portal/node_modules/next/dist/server/lib/start-server.js] {
  code: 'MODULE_NOT_FOUND',
  requireStack: [Array]
}
 ⨯ Error: Cannot find module './vendor-chunks/@swc.js'
Require stack:
- /mnt/c/Users/gmmou/OneDrive/Bureau/Verso/Versotech/versotech-portal/.next/server/webpack-runtime.js
- /mnt/c/Users/gmmou/OneDrive/Bureau/Verso/Versotech/versotech-portal/.next/server/app/page.js
- /mnt/c/Users/gmmou/OneDrive/Bureau/Verso/Versotech/versotech-portal/node_modules/next/dist/server/require.js
- /mnt/c/Users/gmmou/OneDrive/Bureau/Verso/Versotech/versotech-portal/node_modules/next/dist/server/load-components.js
- /mnt/c/Users/gmmou/OneDrive/Bureau/Verso/Versotech/versotech-portal/node_modules/next/dist/build/utils.js
- /mnt/c/Users/gmmou/OneDrive/Bureau/Verso/Versotech/versotech-portal/node_modules/next/dist/build/swc/options.js
- /mnt/c/Users/gmmou/OneDrive/Bureau/Verso/Versotech/versotech-portal/node_modules/next/dist/build/swc/index.js
- /mnt/c/Users/gmmou/OneDrive/Bureau/Verso/Versotech/versotech-portal/node_modules/next/dist/build/next-config-ts/transpile-config.js
- /mnt/c/Users/gmmou/OneDrive/Bureau/Verso/Versotech/versotech-portal/node_modules/next/dist/server/config.js
- /mnt/c/Users/gmmou/OneDrive/Bureau/Verso/Versotech/versotech-portal/node_modules/next/dist/server/next.js
- /mnt/c/Users/gmmou/OneDrive/Bureau/Verso/Versotech/versotech-portal/node_modules/next/dist/server/lib/start-server.js
    at <unknown> (.next/server/app/page.js:302:47)
    at Object.<anonymous> (.next/server/app/page.js:305:3) {
  code: 'MODULE_NOT_FOUND',
  requireStack: [Array],
  page: '/'
}
 ⨯ Error: Cannot find module './vendor-chunks/@swc.js'
Require stack:
- /mnt/c/Users/gmmou/OneDrive/Bureau/Verso/Versotech/versotech-portal/.next/server/webpack-runtime.js
- /mnt/c/Users/gmmou/OneDrive/Bureau/Verso/Versotech/versotech-portal/.next/server/app/page.js
- /mnt/c/Users/gmmou/OneDrive/Bureau/Verso/Versotech/versotech-portal/node_modules/next/dist/server/require.js
- /mnt/c/Users/gmmou/OneDrive/Bureau/Verso/Versotech/versotech-portal/node_modules/next/dist/server/load-components.js
- /mnt/c/Users/gmmou/OneDrive/Bureau/Verso/Versotech/versotech-portal/node_modules/next/dist/build/utils.js
- /mnt/c/Users/gmmou/OneDrive/Bureau/Verso/Versotech/versotech-portal/node_modules/next/dist/build/swc/options.js
- /mnt/c/Users/gmmou/OneDrive/Bureau/Verso/Versotech/versotech-portal/node_modules/next/dist/build/swc/index.js
- /mnt/c/Users/gmmou/OneDrive/Bureau/Verso/Versotech/versotech-portal/node_modules/next/dist/build/next-config-ts/transpile-config.js
- /mnt/c/Users/gmmou/OneDrive/Bureau/Verso/Versotech/versotech-portal/node_modules/next/dist/server/config.js
- /mnt/c/Users/gmmou/OneDrive/Bureau/Verso/Versotech/versotech-portal/node_modules/next/dist/server/next.js
- /mnt/c/Users/gmmou/OneDrive/Bureau/Verso/Versotech/versotech-portal/node_modules/next/dist/server/lib/start-server.js
    at <unknown> (.next/server/app/page.js:302:47)
    at Object.<anonymous> (.next/server/app/page.js:305:3) {
  code: 'MODULE_NOT_FOUND',
  requireStack: [Array],
  page: '/'
}
 ⨯ [Error: Cannot find module '/mnt/c/Users/gmmou/OneDrive/Bureau/Verso/Versotech/versotech-portal/.next/server/pages/_document.js'
Require stack:
- /mnt/c/Users/gmmou/OneDrive/Bureau/Verso/Versotech/versotech-portal/node_modules/next/dist/server/require.js
- /mnt/c/Users/gmmou/OneDrive/Bureau/Verso/Versotech/versotech-portal/node_modules/next/dist/server/load-components.js
- /mnt/c/Users/gmmou/OneDrive/Bureau/Verso/Versotech/versotech-portal/node_modules/next/dist/build/utils.js
- /mnt/c/Users/gmmou/OneDrive/Bureau/Verso/Versotech/versotech-portal/node_modules/next/dist/build/swc/options.js
- /mnt/c/Users/gmmou/OneDrive/Bureau/Verso/Versotech/versotech-portal/node_modules/next/dist/build/swc/index.js
- /mnt/c/Users/gmmou/OneDrive/Bureau/Verso/Versotech/versotech-portal/node_modules/next/dist/build/next-config-ts/transpile-config.js
- /mnt/c/Users/gmmou/OneDrive/Bureau/Verso/Versotech/versotech-portal/node_modules/next/dist/server/config.js
- /mnt/c/Users/gmmou/OneDrive/Bureau/Verso/Versotech/versotech-portal/node_modules/next/dist/server/next.js
- /mnt/c/Users/gmmou/OneDrive/Bureau/Verso/Versotech/versotech-portal/node_modules/next/dist/server/lib/start-server.js] {
  code: 'MODULE_NOT_FOUND',
  requireStack: [Array]
}
 ⨯ [Error: Cannot find module '/mnt/c/Users/gmmou/OneDrive/Bureau/Verso/Versotech/versotech-portal/.next/server/pages/_document.js'
Require stack:
- /mnt/c/Users/gmmou/OneDrive/Bureau/Verso/Versotech/versotech-portal/node_modules/next/dist/server/require.js
- /mnt/c/Users/gmmou/OneDrive/Bureau/Verso/Versotech/versotech-portal/node_modules/next/dist/server/load-components.js
- /mnt/c/Users/gmmou/OneDrive/Bureau/Verso/Versotech/versotech-portal/node_modules/next/dist/build/utils.js
- /mnt/c/Users/gmmou/OneDrive/Bureau/Verso/Versotech/versotech-portal/node_modules/next/dist/build/swc/options.js
- /mnt/c/Users/gmmou/OneDrive/Bureau/Verso/Versotech/versotech-portal/node_modules/next/dist/build/swc/index.js
- /mnt/c/Users/gmmou/OneDrive/Bureau/Verso/Versotech/versotech-portal/node_modules/next/dist/build/next-config-ts/transpile-config.js
- /mnt/c/Users/gmmou/OneDrive/Bureau/Verso/Versotech/versotech-portal/node_modules/next/dist/server/config.js
- /mnt/c/Users/gmmou/OneDrive/Bureau/Verso/Versotech/versotech-portal/node_modules/next/dist/server/next.js
- /mnt/c/Users/gmmou/OneDrive/Bureau/Verso/Versotech/versotech-portal/node_modules/next/dist/server/lib/start-server.js] {
  code: 'MODULE_NOT_FOUND',
  requireStack: [Array]
}
[TypeError: Cannot read properties of undefined (reading '/_app')]
[TypeError: Cannot read properties of undefined (reading '/_app')]
 ⨯ [TypeError: Cannot read properties of undefined (reading '/_app')]
 ⨯ [TypeError: Cannot read properties of undefined (reading '/_app')]
[TypeError: Cannot read properties of undefined (reading '/_app')]
[TypeError: Cannot read properties of undefined (reading '/_app')]
[TypeError: Cannot read properties of undefined (reading '/_app')]
[TypeError: Cannot read properties of undefined (reading '/_app')]
 ⨯ [TypeError: Cannot read properties of undefined (reading '/_app')]
 ⨯ [TypeError: Cannot read properties of undefined (reading '/_app')]
Error: Cannot find module './vendor-chunks/@swc.js'
Require stack:
- /mnt/c/Users/gmmou/OneDrive/Bureau/Verso/Versotech/versotech-portal/.next/server/webpack-runtime.js
- /mnt/c/Users/gmmou/OneDrive/Bureau/Verso/Versotech/versotech-portal/.next/server/app/page.js
- /mnt/c/Users/gmmou/OneDrive/Bureau/Verso/Versotech/versotech-portal/node_modules/next/dist/server/require.js
- /mnt/c/Users/gmmou/OneDrive/Bureau/Verso/Versotech/versotech-portal/node_modules/next/dist/server/load-components.js
- /mnt/c/Users/gmmou/OneDrive/Bureau/Verso/Versotech/versotech-portal/node_modules/next/dist/build/utils.js
- /mnt/c/Users/gmmou/OneDrive/Bureau/Verso/Versotech/versotech-portal/node_modules/next/dist/build/swc/options.js
- /mnt/c/Users/gmmou/OneDrive/Bureau/Verso/Versotech/versotech-portal/node_modules/next/dist/build/swc/index.js
- /mnt/c/Users/gmmou/OneDrive/Bureau/Verso/Versotech/versotech-portal/node_modules/next/dist/build/next-config-ts/transpile-config.js
- /mnt/c/Users/gmmou/OneDrive/Bureau/Verso/Versotech/versotech-portal/node_modules/next/dist/server/config.js
- /mnt/c/Users/gmmou/OneDrive/Bureau/Verso/Versotech/versotech-portal/node_modules/next/dist/server/next.js
- /mnt/c/Users/gmmou/OneDrive/Bureau/Verso/Versotech/versotech-portal/node_modules/next/dist/server/lib/start-server.js
    at <unknown> (.next/server/app/page.js:302:47)
    at Object.<anonymous> (.next/server/app/page.js:305:3) {
  code: 'MODULE_NOT_FOUND',
  requireStack: [Array],
  page: '/'
}
Error: Cannot find module './vendor-chunks/@swc.js'
Require stack:
- /mnt/c/Users/gmmou/OneDrive/Bureau/Verso/Versotech/versotech-portal/.next/server/webpack-runtime.js
- /mnt/c/Users/gmmou/OneDrive/Bureau/Verso/Versotech/versotech-portal/.next/server/app/page.js
- /mnt/c/Users/gmmou/OneDrive/Bureau/Verso/Versotech/versotech-portal/node_modules/next/dist/server/require.js
- /mnt/c/Users/gmmou/OneDrive/Bureau/Verso/Versotech/versotech-portal/node_modules/next/dist/server/load-components.js
- /mnt/c/Users/gmmou/OneDrive/Bureau/Verso/Versotech/versotech-portal/node_modules/next/dist/build/utils.js
- /mnt/c/Users/gmmou/OneDrive/Bureau/Verso/Versotech/versotech-portal/node_modules/next/dist/build/swc/options.js
- /mnt/c/Users/gmmou/OneDrive/Bureau/Verso/Versotech/versotech-portal/node_modules/next/dist/build/swc/index.js
- /mnt/c/Users/gmmou/OneDrive/Bureau/Verso/Versotech/versotech-portal/node_modules/next/dist/build/next-config-ts/transpile-config.js
- /mnt/c/Users/gmmou/OneDrive/Bureau/Verso/Versotech/versotech-portal/node_modules/next/dist/server/config.js
- /mnt/c/Users/gmmou/OneDrive/Bureau/Verso/Versotech/versotech-portal/node_modules/next/dist/server/next.js
- /mnt/c/Users/gmmou/OneDrive/Bureau/Verso/Versotech/versotech-portal/node_modules/next/dist/server/lib/start-server.js
    at <unknown> (.next/server/app/page.js:302:47)
    at Object.<anonymous> (.next/server/app/page.js:305:3) {
  code: 'MODULE_NOT_FOUND',
  requireStack: [Array],
  page: '/'
}
 ⨯ [Error: Cannot find module '/mnt/c/Users/gmmou/OneDrive/Bureau/Verso/Versotech/versotech-portal/.next/server/pages/_document.js'
Require stack:
- /mnt/c/Users/gmmou/OneDrive/Bureau/Verso/Versotech/versotech-portal/node_modules/next/dist/server/require.js
- /mnt/c/Users/gmmou/OneDrive/Bureau/Verso/Versotech/versotech-portal/node_modules/next/dist/server/load-components.js
- /mnt/c/Users/gmmou/OneDrive/Bureau/Verso/Versotech/versotech-portal/node_modules/next/dist/build/utils.js
- /mnt/c/Users/gmmou/OneDrive/Bureau/Verso/Versotech/versotech-portal/node_modules/next/dist/build/swc/options.js
- /mnt/c/Users/gmmou/OneDrive/Bureau/Verso/Versotech/versotech-portal/node_modules/next/dist/build/swc/index.js
- /mnt/c/Users/gmmou/OneDrive/Bureau/Verso/Versotech/versotech-portal/node_modules/next/dist/build/next-config-ts/transpile-config.js
- /mnt/c/Users/gmmou/OneDrive/Bureau/Verso/Versotech/versotech-portal/node_modules/next/dist/server/config.js
- /mnt/c/Users/gmmou/OneDrive/Bureau/Verso/Versotech/versotech-portal/node_modules/next/dist/server/next.js
- /mnt/c/Users/gmmou/OneDrive/Bureau/Verso/Versotech/versotech-portal/node_modules/next/dist/server/lib/start-server.js] {
  code: 'MODULE_NOT_FOUND',
  requireStack: [Array]
}
 ⨯ [Error: Cannot find module '/mnt/c/Users/gmmou/OneDrive/Bureau/Verso/Versotech/versotech-portal/.next/server/pages/_document.js'
Require stack:
- /mnt/c/Users/gmmou/OneDrive/Bureau/Verso/Versotech/versotech-portal/node_modules/next/dist/server/require.js
- /mnt/c/Users/gmmou/OneDrive/Bureau/Verso/Versotech/versotech-portal/node_modules/next/dist/server/load-components.js
- /mnt/c/Users/gmmou/OneDrive/Bureau/Verso/Versotech/versotech-portal/node_modules/next/dist/build/utils.js
- /mnt/c/Users/gmmou/OneDrive/Bureau/Verso/Versotech/versotech-portal/node_modules/next/dist/build/swc/options.js
- /mnt/c/Users/gmmou/OneDrive/Bureau/Verso/Versotech/versotech-portal/node_modules/next/dist/build/swc/index.js
- /mnt/c/Users/gmmou/OneDrive/Bureau/Verso/Versotech/versotech-portal/node_modules/next/dist/build/next-config-ts/transpile-config.js
- /mnt/c/Users/gmmou/OneDrive/Bureau/Verso/Versotech/versotech-portal/node_modules/next/dist/server/config.js
- /mnt/c/Users/gmmou/OneDrive/Bureau/Verso/Versotech/versotech-portal/node_modules/next/dist/server/next.js
- /mnt/c/Users/gmmou/OneDrive/Bureau/Verso/Versotech/versotech-portal/node_modules/next/dist/server/lib/start-server.js] {
  code: 'MODULE_NOT_FOUND',
  requireStack: [Array]
}
[TypeError: Cannot read properties of undefined (reading '/_app')]
[TypeError: Cannot read properties of undefined (reading '/_app')]
 ⨯ [TypeError: Cannot read properties of undefined (reading '/_app')]
 ⨯ [TypeError: Cannot read properties of undefined (reading '/_app')]
[TypeError: Cannot read properties of undefined (reading '/_app')]
[TypeError: Cannot read properties of undefined (reading '/_app')]
 ⨯ Error: Cannot find module './vendor-chunks/@swc.js'
Require stack:
- /mnt/c/Users/gmmou/OneDrive/Bureau/Verso/Versotech/versotech-portal/.next/server/webpack-runtime.js
- /mnt/c/Users/gmmou/OneDrive/Bureau/Verso/Versotech/versotech-portal/.next/server/app/page.js
- /mnt/c/Users/gmmou/OneDrive/Bureau/Verso/Versotech/versotech-portal/node_modules/next/dist/server/require.js
- /mnt/c/Users/gmmou/OneDrive/Bureau/Verso/Versotech/versotech-portal/node_modules/next/dist/server/load-components.js
- /mnt/c/Users/gmmou/OneDrive/Bureau/Verso/Versotech/versotech-portal/node_modules/next/dist/build/utils.js
- /mnt/c/Users/gmmou/OneDrive/Bureau/Verso/Versotech/versotech-portal/node_modules/next/dist/build/swc/options.js
- /mnt/c/Users/gmmou/OneDrive/Bureau/Verso/Versotech/versotech-portal/node_modules/next/dist/build/swc/index.js
- /mnt/c/Users/gmmou/OneDrive/Bureau/Verso/Versotech/versotech-portal/node_modules/next/dist/build/next-config-ts/transpile-config.js
- /mnt/c/Users/gmmou/OneDrive/Bureau/Verso/Versotech/versotech-portal/node_modules/next/dist/server/config.js
- /mnt/c/Users/gmmou/OneDrive/Bureau/Verso/Versotech/versotech-portal/node_modules/next/dist/server/next.js
- /mnt/c/Users/gmmou/OneDrive/Bureau/Verso/Versotech/versotech-portal/node_modules/next/dist/server/lib/start-server.js
    at <unknown> (.next/server/app/page.js:302:47)
    at Object.<anonymous> (.next/server/app/page.js:305:3) {
  code: 'MODULE_NOT_FOUND',
  requireStack: [Array],
  page: '/'
}
 ⨯ [Error: Cannot find module '/mnt/c/Users/gmmou/OneDrive/Bureau/Verso/Versotech/versotech-portal/.next/server/pages/_document.js'
Require stack:
- /mnt/c/Users/gmmou/OneDrive/Bureau/Verso/Versotech/versotech-portal/node_modules/next/dist/server/require.js
- /mnt/c/Users/gmmou/OneDrive/Bureau/Verso/Versotech/versotech-portal/node_modules/next/dist/server/load-components.js
- /mnt/c/Users/gmmou/OneDrive/Bureau/Verso/Versotech/versotech-portal/node_modules/next/dist/build/utils.js
- /mnt/c/Users/gmmou/OneDrive/Bureau/Verso/Versotech/versotech-portal/node_modules/next/dist/build/swc/options.js
- /mnt/c/Users/gmmou/OneDrive/Bureau/Verso/Versotech/versotech-portal/node_modules/next/dist/build/swc/index.js
- /mnt/c/Users/gmmou/OneDrive/Bureau/Verso/Versotech/versotech-portal/node_modules/next/dist/build/next-config-ts/transpile-config.js
- /mnt/c/Users/gmmou/OneDrive/Bureau/Verso/Versotech/versotech-portal/node_modules/next/dist/server/config.js
- /mnt/c/Users/gmmou/OneDrive/Bureau/Verso/Versotech/versotech-portal/node_modules/next/dist/server/next.js
- /mnt/c/Users/gmmou/OneDrive/Bureau/Verso/Versotech/versotech-portal/node_modules/next/dist/server/lib/start-server.js] {
  code: 'MODULE_NOT_FOUND',
  requireStack: [Array]
}
[TypeError: Cannot read properties of undefined (reading '/_app')]
 ⨯ [TypeError: Cannot read properties of undefined (reading '/_app')]
Error: Cannot find module './vendor-chunks/@swc.js'
Require stack:
- /mnt/c/Users/gmmou/OneDrive/Bureau/Verso/Versotech/versotech-portal/.next/server/webpack-runtime.js
- /mnt/c/Users/gmmou/OneDrive/Bureau/Verso/Versotech/versotech-portal/.next/server/app/page.js
- /mnt/c/Users/gmmou/OneDrive/Bureau/Verso/Versotech/versotech-portal/node_modules/next/dist/server/require.js
- /mnt/c/Users/gmmou/OneDrive/Bureau/Verso/Versotech/versotech-portal/node_modules/next/dist/server/load-components.js
- /mnt/c/Users/gmmou/OneDrive/Bureau/Verso/Versotech/versotech-portal/node_modules/next/dist/build/utils.js
- /mnt/c/Users/gmmou/OneDrive/Bureau/Verso/Versotech/versotech-portal/node_modules/next/dist/build/swc/options.js
- /mnt/c/Users/gmmou/OneDrive/Bureau/Verso/Versotech/versotech-portal/node_modules/next/dist/build/swc/index.js
- /mnt/c/Users/gmmou/OneDrive/Bureau/Verso/Versotech/versotech-portal/node_modules/next/dist/build/next-config-ts/transpile-config.js
- /mnt/c/Users/gmmou/OneDrive/Bureau/Verso/Versotech/versotech-portal/node_modules/next/dist/server/config.js
- /mnt/c/Users/gmmou/OneDrive/Bureau/Verso/Versotech/versotech-portal/node_modules/next/dist/server/next.js
- /mnt/c/Users/gmmou/OneDrive/Bureau/Verso/Versotech/versotech-portal/node_modules/next/dist/server/lib/start-server.js
    at <unknown> (.next/server/app/page.js:302:47)
    at Object.<anonymous> (.next/server/app/page.js:305:3) {
  code: 'MODULE_NOT_FOUND',
  requireStack: [Array],
  page: '/'
}
 ⨯ [Error: Cannot find module '/mnt/c/Users/gmmou/OneDrive/Bureau/Verso/Versotech/versotech-portal/.next/server/pages/_document.js'
Require stack:
- /mnt/c/Users/gmmou/OneDrive/Bureau/Verso/Versotech/versotech-portal/node_modules/next/dist/server/require.js
- /mnt/c/Users/gmmou/OneDrive/Bureau/Verso/Versotech/versotech-portal/node_modules/next/dist/server/load-components.js
- /mnt/c/Users/gmmou/OneDrive/Bureau/Verso/Versotech/versotech-portal/node_modules/next/dist/build/utils.js
- /mnt/c/Users/gmmou/OneDrive/Bureau/Verso/Versotech/versotech-portal/node_modules/next/dist/build/swc/options.js
- /mnt/c/Users/gmmou/OneDrive/Bureau/Verso/Versotech/versotech-portal/node_modules/next/dist/build/swc/index.js
- /mnt/c/Users/gmmou/OneDrive/Bureau/Verso/Versotech/versotech-portal/node_modules/next/dist/build/next-config-ts/transpile-config.js
- /mnt/c/Users/gmmou/OneDrive/Bureau/Verso/Versotech/versotech-portal/node_modules/next/dist/server/config.js
- /mnt/c/Users/gmmou/OneDrive/Bureau/Verso/Versotech/versotech-portal/node_modules/next/dist/server/next.js
- /mnt/c/Users/gmmou/OneDrive/Bureau/Verso/Versotech/versotech-portal/node_modules/next/dist/server/lib/start-server.js] {
  code: 'MODULE_NOT_FOUND',
  requireStack: [Array]
}
[TypeError: Cannot read properties of undefined (reading '/_app')]
 ⨯ [TypeError: Cannot read properties of undefined (reading '/_app')]
[TypeError: Cannot read properties of undefined (reading '/_app')]
 GET / 500 in 934ms
 GET / 500 in 199ms
 ○ Compiling /favicon.ico ...
 ✓ Compiled /favicon.ico in 728ms (715 modules)
 GET /favicon.ico 200 in 3338ms
[?25h
